Traceback (most recent call last):
  File "/home/robert/anaconda3/lib/python3.8/site-packages/jupyter_cache/executors/utils.py", line 51, in single_nb_execution
    executenb(
  File "/home/robert/anaconda3/lib/python3.8/site-packages/nbclient/client.py", line 1087, in execute
    return NotebookClient(nb=nb, resources=resources, km=km, **kwargs).execute()
  File "/home/robert/anaconda3/lib/python3.8/site-packages/nbclient/util.py", line 74, in wrapped
    return just_run(coro(*args, **kwargs))
  File "/home/robert/anaconda3/lib/python3.8/site-packages/nbclient/util.py", line 53, in just_run
    return loop.run_until_complete(coro)
  File "/home/robert/anaconda3/lib/python3.8/asyncio/base_events.py", line 616, in run_until_complete
    return future.result()
  File "/home/robert/anaconda3/lib/python3.8/site-packages/nbclient/client.py", line 540, in async_execute
    await self.async_execute_cell(
  File "/home/robert/anaconda3/lib/python3.8/site-packages/nbclient/client.py", line 832, in async_execute_cell
    self._check_raise_for_error(cell, exec_reply)
  File "/home/robert/anaconda3/lib/python3.8/site-packages/nbclient/client.py", line 740, in _check_raise_for_error
    raise CellExecutionError.from_cell_and_msg(cell, exec_reply['content'])
nbclient.exceptions.CellExecutionError: An error occurred while executing the following cell:
------------------
phi_u = sp.Function('phi_u')
phi_v = sp.Function('phi_v')
phi_u = uSol.rhs.integrate(x)
phi_v = vSol.rhs.integrate(y)
display(Markdown(r'$\phi_u = '+sp.latex(phi_u)+'$'))
display(Markdown(r'$\phi_v = '+sp.latex(phi_v)+'$'))
------------------

[0;31m---------------------------------------------------------------------------[0m
[0;31mNameError[0m                                 Traceback (most recent call last)
Input [0;32mIn [30][0m, in [0;36m<cell line: 5>[0;34m()[0m
[1;32m      3[0m phi_u [38;5;241m=[39m uSol[38;5;241m.[39mrhs[38;5;241m.[39mintegrate(x)
[1;32m      4[0m phi_v [38;5;241m=[39m vSol[38;5;241m.[39mrhs[38;5;241m.[39mintegrate(y)
[0;32m----> 5[0m display([43mMarkdown[49m([38;5;124mr[39m[38;5;124m'[39m[38;5;124m$[39m[38;5;124m\[39m[38;5;124mphi_u = [39m[38;5;124m'[39m[38;5;241m+[39msp[38;5;241m.[39mlatex(phi_u)[38;5;241m+[39m[38;5;124m'[39m[38;5;124m$[39m[38;5;124m'[39m))
[1;32m      6[0m display(Markdown([38;5;124mr[39m[38;5;124m'[39m[38;5;124m$[39m[38;5;124m\[39m[38;5;124mphi_v = [39m[38;5;124m'[39m[38;5;241m+[39msp[38;5;241m.[39mlatex(phi_v)[38;5;241m+[39m[38;5;124m'[39m[38;5;124m$[39m[38;5;124m'[39m))

[0;31mNameError[0m: name 'Markdown' is not defined
NameError: name 'Markdown' is not defined

